<?xml version="1.0" encoding="UTF-8"?>
<testsuite name="HTMLETest" time="29.758" tests="27" errors="0" skipped="0" failures="3">
  <properties>
[...]
</properties>
  <testcase name="SubcategoriesLinkTest" classname="HTMLETest" time="1.076">
    <failure message="element not interactable: https://litecart.stqa.ru/en/rubber-ducks-c-1/subcategory-c-2/ has no size and location&#10;  (Session info: chrome=105.0.5195.102)&#10;Build info: version: &apos;3.141.59&apos;, revision: &apos;e82be7d358&apos;, time: &apos;2018-11-14T08:17:03&apos;&#10;System info: host: &apos;WIN-9SLHH2RPUT9&apos;, ip: &apos;192.168.100.211&apos;, os.name: &apos;Windows 10&apos;, os.arch: &apos;amd64&apos;, os.version: &apos;10.0&apos;, java.version: &apos;17.0.2&apos;&#10;Driver info: org.openqa.selenium.chrome.ChromeDriver&#10;Capabilities {acceptInsecureCerts: false, browserName: chrome, browserVersion: 105.0.5195.102, chrome: {chromedriverVersion: 105.0.5195.52 (412c95e51883..., userDataDir: C:\Users\user\AppData\Local...}, goog:chromeOptions: {debuggerAddress: localhost:51400}, javascriptEnabled: true, networkConnectionEnabled: false, pageLoadStrategy: normal, platform: WINDOWS, platformName: WINDOWS, proxy: Proxy(), setWindowRect: true, strictFileInteractability: false, timeouts: {implicit: 0, pageLoad: 300000, script: 30000}, unhandledPromptBehavior: dismiss and notify, webauthn:extension:credBlob: true, webauthn:extension:largeBlob: true, webauthn:virtualAuthenticators: true}&#10;Session ID: 1a10512d25d524bc6838489dab5c8f08" type="org.openqa.selenium.ElementNotInteractableException">org.openqa.selenium.ElementNotInteractableException: element not interactable: https://litecart.stqa.ru/en/rubber-ducks-c-1/subcategory-c-2/ has no size and location
  (Session info: chrome=105.0.5195.102)
Build info: version: '3.141.59', revision: 'e82be7d358', time: '2018-11-14T08:17:03'
System info: host: 'WIN-9SLHH2RPUT9', ip: '192.168.100.211', os.name: 'Windows 10', os.arch: 'amd64', os.version: '10.0', java.version: '17.0.2'
Driver info: org.openqa.selenium.chrome.ChromeDriver
Capabilities {acceptInsecureCerts: false, browserName: chrome, browserVersion: 105.0.5195.102, chrome: {chromedriverVersion: 105.0.5195.52 (412c95e51883..., userDataDir: C:\Users\user\AppData\Local...}, goog:chromeOptions: {debuggerAddress: localhost:51400}, javascriptEnabled: true, networkConnectionEnabled: false, pageLoadStrategy: normal, platform: WINDOWS, platformName: WINDOWS, proxy: Proxy(), setWindowRect: true, strictFileInteractability: false, timeouts: {implicit: 0, pageLoad: 300000, script: 30000}, unhandledPromptBehavior: dismiss and notify, webauthn:extension:credBlob: true, webauthn:extension:largeBlob: true, webauthn:virtualAuthenticators: true}
Session ID: 1a10512d25d524bc6838489dab5c8f08
	at java.base/jdk.internal.reflect.NativeConstructorAccessorImpl.newInstance0(Native Method)
	at java.base/jdk.internal.reflect.NativeConstructorAccessorImpl.newInstance(NativeConstructorAccessorImpl.java:77)
	at java.base/jdk.internal.reflect.DelegatingConstructorAccessorImpl.newInstance(DelegatingConstructorAccessorImpl.java:45)
	at java.base/java.lang.reflect.Constructor.newInstanceWithCaller(Constructor.java:499)
	at java.base/java.lang.reflect.Constructor.newInstance(Constructor.java:480)
	at org.openqa.selenium.remote.http.W3CHttpResponseCodec.createException(W3CHttpResponseCodec.java:187)
	at org.openqa.selenium.remote.http.W3CHttpResponseCodec.decode(W3CHttpResponseCodec.java:122)
	at org.openqa.selenium.remote.http.W3CHttpResponseCodec.decode(W3CHttpResponseCodec.java:49)
	at org.openqa.selenium.remote.HttpCommandExecutor.execute(HttpCommandExecutor.java:158)
	at org.openqa.selenium.remote.service.DriverCommandExecutor.execute(DriverCommandExecutor.java:83)
	at org.openqa.selenium.remote.RemoteWebDriver.execute(RemoteWebDriver.java:552)
	at org.openqa.selenium.remote.RemoteWebDriver.perform(RemoteWebDriver.java:618)
	at org.openqa.selenium.interactions.Actions$BuiltAction.perform(Actions.java:639)
	at org.openqa.selenium.interactions.Actions.perform(Actions.java:595)
	at pageobject.htmlelements.HeaderMenu.clickSubcategory(HeaderMenu.java:48)
	at HTMLETest.SubcategoriesLinkTest(HTMLETest.java:268)
</failure>
    <system-out>Configuring TestNG with: TestNG652Configurator
</system-out>
    <system-err>SLF4J: Failed to load class "org.slf4j.impl.StaticLoggerBinder".
SLF4J: Defaulting to no-operation (NOP) logger implementation
SLF4J: See http://www.slf4j.org/codes.html#StaticLoggerBinder for further details.
Starting ChromeDriver 105.0.5195.52 (412c95e518836d8a7d97250d62b29c2ae6a26a85-refs/branch-heads/5195@{#853}) on port 1135
Only local connections are allowed.
Please see https://chromedriver.chromium.org/security-considerations for suggestions on keeping ChromeDriver safe.
ChromeDriver was started successfully.
сент. 08, 2022 5:54:43 PM org.openqa.selenium.remote.ProtocolHandshake createSession
INFO: Detected dialect: W3C
</system-err>
  </testcase>
  <testcase name="changingCurrencyToDollarsTest" classname="HTMLETest" time="6.602"/>
  <testcase name="changingCurrentCountryToBelarusTest" classname="HTMLETest" time="0.689"/>
  <testcase name="deliveryInformationPageLinkTest" classname="HTMLETest" time="0.178"/>
  <testcase name="deliveryInformationPageSubtitlesInformationVisibilityTest" classname="HTMLETest" time="0.232"/>
  <testcase name="deliveryInformationPageSubtitlesVisibilityTest" classname="HTMLETest" time="0.252"/>
  <testcase name="deliveryInformationPageVerifySubtitlesTextTest" classname="HTMLETest" time="0.221"/>
  <testcase name="discountsAndPromotionsPageInformationVisibilityTest" classname="HTMLETest" time="0.185"/>
  <testcase name="discountsAndPromotionsPageLinkTest" classname="HTMLETest" time="0.163"/>
  <testcase name="discountsAndPromotionsPageNoPromotionsTextTest" classname="HTMLETest" time="0.184"/>
  <testcase name="greenDuckSaleStickerTest" classname="HTMLETest" time="0.491"/>
  <testcase name="homePageLinkTest" classname="HTMLETest" time="0.172"/>
  <testcase name="informationBoxPageVisibilityTest" classname="HTMLETest" time="0.951"/>
  <testcase name="logoutTest" classname="HTMLETest" time="0.796"/>
  <testcase name="orderDucksOnHomePageTest" classname="HTMLETest" time="11.605">
    <failure message="Expected condition failed: waiting for condition to not be valid: text (&apos;0&apos;) to be present in element [[ChromeDriver: chrome on WINDOWS (1a10512d25d524bc6838489dab5c8f08)] -&gt; css selector: span.quantity] (tried for 10 second(s) with 500 milliseconds interval)&#10;Build info: version: &apos;3.141.59&apos;, revision: &apos;e82be7d358&apos;, time: &apos;2018-11-14T08:17:03&apos;&#10;System info: host: &apos;WIN-9SLHH2RPUT9&apos;, ip: &apos;192.168.100.211&apos;, os.name: &apos;Windows 10&apos;, os.arch: &apos;amd64&apos;, os.version: &apos;10.0&apos;, java.version: &apos;17.0.2&apos;&#10;Driver info: org.openqa.selenium.chrome.ChromeDriver&#10;Capabilities {acceptInsecureCerts: false, browserName: chrome, browserVersion: 105.0.5195.102, chrome: {chromedriverVersion: 105.0.5195.52 (412c95e51883..., userDataDir: C:\Users\user\AppData\Local...}, goog:chromeOptions: {debuggerAddress: localhost:51400}, javascriptEnabled: true, networkConnectionEnabled: false, pageLoadStrategy: normal, platform: WINDOWS, platformName: WINDOWS, proxy: Proxy(), setWindowRect: true, strictFileInteractability: false, timeouts: {implicit: 0, pageLoad: 300000, script: 30000}, unhandledPromptBehavior: dismiss and notify, webauthn:extension:credBlob: true, webauthn:extension:largeBlob: true, webauthn:virtualAuthenticators: true}&#10;Session ID: 1a10512d25d524bc6838489dab5c8f08" type="org.openqa.selenium.TimeoutException">org.openqa.selenium.TimeoutException: Expected condition failed: waiting for condition to not be valid: text ('0') to be present in element [[ChromeDriver: chrome on WINDOWS (1a10512d25d524bc6838489dab5c8f08)] -> css selector: span.quantity] (tried for 10 second(s) with 500 milliseconds interval)
Build info: version: '3.141.59', revision: 'e82be7d358', time: '2018-11-14T08:17:03'
System info: host: 'WIN-9SLHH2RPUT9', ip: '192.168.100.211', os.name: 'Windows 10', os.arch: 'amd64', os.version: '10.0', java.version: '17.0.2'
Driver info: org.openqa.selenium.chrome.ChromeDriver
Capabilities {acceptInsecureCerts: false, browserName: chrome, browserVersion: 105.0.5195.102, chrome: {chromedriverVersion: 105.0.5195.52 (412c95e51883..., userDataDir: C:\Users\user\AppData\Local...}, goog:chromeOptions: {debuggerAddress: localhost:51400}, javascriptEnabled: true, networkConnectionEnabled: false, pageLoadStrategy: normal, platform: WINDOWS, platformName: WINDOWS, proxy: Proxy(), setWindowRect: true, strictFileInteractability: false, timeouts: {implicit: 0, pageLoad: 300000, script: 30000}, unhandledPromptBehavior: dismiss and notify, webauthn:extension:credBlob: true, webauthn:extension:largeBlob: true, webauthn:virtualAuthenticators: true}
Session ID: 1a10512d25d524bc6838489dab5c8f08
	at org.openqa.selenium.support.ui.WebDriverWait.timeoutException(WebDriverWait.java:95)
	at org.openqa.selenium.support.ui.FluentWait.until(FluentWait.java:272)
	at pageobject.htmlelements.Cart.checkThatGoodsPlacedToCart(Cart.java:30)
	at HTMLETest.orderDucksOnHomePageTest(HTMLETest.java:381)
</failure>
  </testcase>
  <testcase name="orderDucksOnRubberDucksPageTest" classname="HTMLETest" time="1.7"/>
  <testcase name="rubberDucksPageContainsGoodsTest" classname="HTMLETest" time="0.228"/>
  <testcase name="rubberDucksPageLinkTest" classname="HTMLETest" time="0.277"/>
  <testcase name="sortingByNamesTest" classname="HTMLETest" time="0.868"/>
  <testcase name="sortingByPricesTest" classname="HTMLETest" time="0.612"/>
  <testcase name="successfulLoginTest" classname="HTMLETest" time="0.486"/>
  <testcase name="termsAndConditionsPageLinkTest" classname="HTMLETest" time="0.182"/>
  <testcase name="termsAndConditionsPageSubtitlesInformationVisibilityTest" classname="HTMLETest" time="0.242"/>
  <testcase name="termsAndConditionsPageSubtitlesVerifySubtitlesTextTest" classname="HTMLETest" time="0.241"/>
  <testcase name="termsAndConditionsPageSubtitlesVisibilityTest" classname="HTMLETest" time="0.237"/>
  <testcase name="unsuccessfulLoginTest" classname="HTMLETest" time="0.424">
    <failure message="no such element: Unable to locate element: {&quot;method&quot;:&quot;css selector&quot;,&quot;selector&quot;:&quot;*[name=&apos;email&apos;]&quot;}&#10;  (Session info: chrome=105.0.5195.102)&#10;For documentation on this error, please visit: https://www.seleniumhq.org/exceptions/no_such_element.html&#10;Build info: version: &apos;3.141.59&apos;, revision: &apos;e82be7d358&apos;, time: &apos;2018-11-14T08:17:03&apos;&#10;System info: host: &apos;WIN-9SLHH2RPUT9&apos;, ip: &apos;192.168.100.211&apos;, os.name: &apos;Windows 10&apos;, os.arch: &apos;amd64&apos;, os.version: &apos;10.0&apos;, java.version: &apos;17.0.2&apos;&#10;Driver info: org.openqa.selenium.chrome.ChromeDriver&#10;Capabilities {acceptInsecureCerts: false, browserName: chrome, browserVersion: 105.0.5195.102, chrome: {chromedriverVersion: 105.0.5195.52 (412c95e51883..., userDataDir: C:\Users\user\AppData\Local...}, goog:chromeOptions: {debuggerAddress: localhost:51400}, javascriptEnabled: true, networkConnectionEnabled: false, pageLoadStrategy: normal, platform: WINDOWS, platformName: WINDOWS, proxy: Proxy(), setWindowRect: true, strictFileInteractability: false, timeouts: {implicit: 0, pageLoad: 300000, script: 30000}, unhandledPromptBehavior: dismiss and notify, webauthn:extension:credBlob: true, webauthn:extension:largeBlob: true, webauthn:virtualAuthenticators: true}&#10;Session ID: 1a10512d25d524bc6838489dab5c8f08&#10;*** Element info: {Using=name, value=email}" type="org.openqa.selenium.NoSuchElementException">org.openqa.selenium.NoSuchElementException: no such element: Unable to locate element: {"method":"css selector","selector":"*[name='email']"}
  (Session info: chrome=105.0.5195.102)
For documentation on this error, please visit: https://www.seleniumhq.org/exceptions/no_such_element.html
Build info: version: '3.141.59', revision: 'e82be7d358', time: '2018-11-14T08:17:03'
System info: host: 'WIN-9SLHH2RPUT9', ip: '192.168.100.211', os.name: 'Windows 10', os.arch: 'amd64', os.version: '10.0', java.version: '17.0.2'
Driver info: org.openqa.selenium.chrome.ChromeDriver
Capabilities {acceptInsecureCerts: false, browserName: chrome, browserVersion: 105.0.5195.102, chrome: {chromedriverVersion: 105.0.5195.52 (412c95e51883..., userDataDir: C:\Users\user\AppData\Local...}, goog:chromeOptions: {debuggerAddress: localhost:51400}, javascriptEnabled: true, networkConnectionEnabled: false, pageLoadStrategy: normal, platform: WINDOWS, platformName: WINDOWS, proxy: Proxy(), setWindowRect: true, strictFileInteractability: false, timeouts: {implicit: 0, pageLoad: 300000, script: 30000}, unhandledPromptBehavior: dismiss and notify, webauthn:extension:credBlob: true, webauthn:extension:largeBlob: true, webauthn:virtualAuthenticators: true}
Session ID: 1a10512d25d524bc6838489dab5c8f08
*** Element info: {Using=name, value=email}
	at java.base/jdk.internal.reflect.NativeConstructorAccessorImpl.newInstance0(Native Method)
	at java.base/jdk.internal.reflect.NativeConstructorAccessorImpl.newInstance(NativeConstructorAccessorImpl.java:77)
	at java.base/jdk.internal.reflect.DelegatingConstructorAccessorImpl.newInstance(DelegatingConstructorAccessorImpl.java:45)
	at java.base/java.lang.reflect.Constructor.newInstanceWithCaller(Constructor.java:499)
	at java.base/java.lang.reflect.Constructor.newInstance(Constructor.java:480)
	at org.openqa.selenium.remote.http.W3CHttpResponseCodec.createException(W3CHttpResponseCodec.java:187)
	at org.openqa.selenium.remote.http.W3CHttpResponseCodec.decode(W3CHttpResponseCodec.java:122)
	at org.openqa.selenium.remote.http.W3CHttpResponseCodec.decode(W3CHttpResponseCodec.java:49)
	at org.openqa.selenium.remote.HttpCommandExecutor.execute(HttpCommandExecutor.java:158)
	at org.openqa.selenium.remote.service.DriverCommandExecutor.execute(DriverCommandExecutor.java:83)
	at org.openqa.selenium.remote.RemoteWebDriver.execute(RemoteWebDriver.java:552)
	at org.openqa.selenium.remote.RemoteWebDriver.findElement(RemoteWebDriver.java:323)
	at org.openqa.selenium.remote.RemoteWebDriver.findElementByName(RemoteWebDriver.java:404)
	at org.openqa.selenium.By$ByName.findElement(By.java:284)
	at org.openqa.selenium.remote.RemoteWebDriver.findElement(RemoteWebDriver.java:315)
	at pageobject.htmlelements.LoginPage.setEmail(LoginPage.java:21)
	at pageobject.htmlelements.LoginPage.attemptLogin(LoginPage.java:37)
	at HTMLETest.unsuccessfulLoginTest(HTMLETest.java:28)
</failure>
  </testcase>
  <testcase name="yellowDuckSaleStickerTest" classname="HTMLETest" time="0.464"/>
</testsuite>